[INFO ] 2023-07-27 02:19:14,524 java.user_sets_request_for_submission_module_with_valid_submission_id_and_valid_request_body() - given put request for valid submission id and request body
[INFO ] 2023-07-27 02:19:14,543 java.excelDataValue() - String excelDataValue method
[INFO ] 2023-07-27 02:19:15,388 java.excelDataValue() - String excelDataValue method
[INFO ] 2023-07-27 02:19:15,494 java.excelDataValue() - String excelDataValue method
[INFO ] 2023-07-27 02:19:15,577 java.excelDataValue() - String excelDataValue method
[INFO ] 2023-07-27 02:19:15,662 java.excelDataValue() - String excelDataValue method
[INFO ] 2023-07-27 02:19:15,730 java.excelDataValue() - String excelDataValue method
[INFO ] 2023-07-27 02:19:15,808 java.Timestamp() - Timestamp method
[INFO ] 2023-07-27 02:19:15,809 java.Timestamp() - Timestamp method
[INFO ] 2023-07-27 02:19:15,813 java.user_sends_post_request_with_data_from_and_with_valid_submission_id() - JSON BODY= {"subPathAttach1":"\/opt\/share\/mayotte_collaborative.stk","subComments":"re-submission completed","updatedgradedBy":"U8252","subDesc":"re-submission","subPathAttach2":"\/opt\/share\/mayotte_collaborative.stk","assignmentId":0,"userId":"0","subPathAttach3":"\/opt\/share\/mayotte_collaborative.stk","gradedDateTime":"2023-07-27T02:19:15.810-04:00","subPathAttach4":"\/opt\/share\/mayotte_collaborative.stk","subDateTime":"2023-07-27T02:19:15.809-04:00","subPathAttach5":"\/opt\/share\/mayotte_collaborative.stk","grade":"-1"}
[INFO ] 2023-07-27 02:19:17,349 java.request_should_be_successfull_with_status_code_for_put_request_valid_submission_id() - Poststatuscode : 400
[INFO ] 2023-07-27 02:19:17,387 java.user_sets_request_for_submission_module_with_invalid_submission_id_and_valid_request_body() - given put request for valid submission id and request body
[INFO ] 2023-07-27 02:19:17,388 java.randomestring() - randomestring method
[INFO ] 2023-07-27 02:19:17,562 java.request_should_be_successfull_with_status_code_for_put_request_invalid_submission_id() - Poststatuscode : 405
[INFO ] 2023-07-27 02:19:17,584 java.user_sets_request_for_submission_module_with_valid_submission_id_and_missing_madatory_request_body() - given put request for valid submission id and request body
[INFO ] 2023-07-27 02:19:17,585 java.excelDataValue() - String excelDataValue method
[INFO ] 2023-07-27 02:19:17,652 java.excelDataValue() - String excelDataValue method
[INFO ] 2023-07-27 02:19:17,716 java.excelDataValue() - String excelDataValue method
[INFO ] 2023-07-27 02:19:17,783 java.excelDataValue() - String excelDataValue method
[INFO ] 2023-07-27 02:19:17,849 java.excelDataValue() - String excelDataValue method
[INFO ] 2023-07-27 02:19:17,909 java.excelDataValue() - String excelDataValue method
[INFO ] 2023-07-27 02:19:17,960 java.excelDataValue() - String excelDataValue method
[INFO ] 2023-07-27 02:19:18,018 java.Timestamp() - Timestamp method
[INFO ] 2023-07-27 02:19:18,019 java.user_sends_request_with_data_from_and_with_valid_submission_id_and_missing_mandatory_request_body() - JSON BODY= {"subPathAttach1":"\/opt\/share\/mayotte_collaborative.stk","UpdatesubComments":"re-submission completed","grade":"-1","subPathAttach2":"\/opt\/share\/mayotte_collaborative.stk","subPathAttach3":"\/opt\/share\/mayotte_collaborative.stk","updatesubDesc":"re-submission","subDateTime":"2023-07-27T02:19:18.018-04:00","subPathAttach4":"\/opt\/share\/mayotte_collaborative.stk","subPathAttach5":"\/opt\/share\/mayotte_collaborative.stk"}
[INFO ] 2023-07-27 02:19:18,184 java.request_should_be_successfull_with_status_code_for_put_request_valid_submission_id_and_missing_mandatory_request_body() - Poststatuscode : 400
[INFO ] 2023-07-27 02:19:18,266 java.request_should_be_successfull_with_status_code_for_put_request_valid_submission_id_and_missing_mandatory_request_body() - Put Request Successful
[INFO ] 2023-07-27 02:19:18,337 java.user_sets_request_for_grade_submission_module_with_invalid_submission_id_and_valid_request_body() - given put request for valid submission id and request body
[INFO ] 2023-07-27 02:19:18,338 java.randomestring() - randomestring method
[INFO ] 2023-07-27 02:19:18,503 java.request_should_be_successfull_with_status_code_for_grade_submission_invalid_id() - Poststatuscode : 405
[INFO ] 2023-07-27 02:19:18,522 java.user_sets_request_for_grade_submission_module_with_valid_submission_id_and_missing_madatory_request_body() - given put request for valid submission id and request body
[INFO ] 2023-07-27 02:19:18,522 java.excelDataValue() - String excelDataValue method
[INFO ] 2023-07-27 02:19:18,577 java.excelDataValue() - String excelDataValue method
[INFO ] 2023-07-27 02:19:18,628 java.excelDataValue() - String excelDataValue method
[INFO ] 2023-07-27 02:19:18,694 java.excelDataValue() - String excelDataValue method
[INFO ] 2023-07-27 02:19:18,746 java.excelDataValue() - String excelDataValue method
[INFO ] 2023-07-27 02:19:18,808 java.excelDataValue() - String excelDataValue method
[INFO ] 2023-07-27 02:19:18,861 java.excelDataValue() - String excelDataValue method
[INFO ] 2023-07-27 02:19:18,913 java.Timestamp() - Timestamp method
[INFO ] 2023-07-27 02:19:18,913 java.user_sends_put_request_with_data_from_and_with_valid_submission_id_and_missing_mandatory_request_body_for_grade_update() - JSON BODY= {"subPathAttach1":"\/opt\/share\/mayotte_collaborative.stk","UpdatesubComments":"re-submission completed","subPathAttach2":"\/opt\/share\/mayotte_collaborative.stk","updatedgrade":"5","subPathAttach3":"\/opt\/share\/mayotte_collaborative.stk","updatesubDesc":"re-submission","subDateTime":"2023-07-27T02:19:18.913-04:00","subPathAttach4":"\/opt\/share\/mayotte_collaborative.stk","subPathAttach5":"\/opt\/share\/mayotte_collaborative.stk"}
[INFO ] 2023-07-27 02:19:19,064 java.request_should_be_successfull_with_status_code_for_put_request_grade_submission_id() - Poststatuscode : 400
[INFO ] 2023-07-27 02:19:19,065 java.request_should_be_successfull_with_status_code_for_put_request_grade_submission_id() - Put Request Successful
[INFO ] 2023-07-27 02:19:19,080 java.validate_user_sets_request_for_grade_submission_module_with_valid_submission_id_and_valid_request_body() - given put request for valid submission id and request body
[INFO ] 2023-07-27 02:19:19,081 java.excelDataValue() - String excelDataValue method
[INFO ] 2023-07-27 02:19:19,120 java.excelDataValue() - String excelDataValue method
[INFO ] 2023-07-27 02:19:19,179 java.excelDataValue() - String excelDataValue method
[INFO ] 2023-07-27 02:19:19,233 java.excelDataValue() - String excelDataValue method
[INFO ] 2023-07-27 02:19:19,279 java.excelDataValue() - String excelDataValue method
[INFO ] 2023-07-27 02:19:19,327 java.excelDataValue() - String excelDataValue method
[INFO ] 2023-07-27 02:19:19,373 java.excelDataValue() - String excelDataValue method
[INFO ] 2023-07-27 02:19:19,415 java.Timestamp() - Timestamp method
[INFO ] 2023-07-27 02:19:19,416 java.Timestamp() - Timestamp method
[INFO ] 2023-07-27 02:19:19,416 java.validate_user_sends_put_request_with_data_from_and_with_valid_submission_id_for_grade_update() - JSON BODY= {"subPathAttach1":"\/opt\/share\/mayotte_collaborative.stk","subComments":"re-submission completed","subDesc":"re-submission","subPathAttach2":"\/opt\/share\/mayotte_collaborative.stk","assignmentId":0,"userId":"0","subPathAttach3":"\/opt\/share\/mayotte_collaborative.stk","gradedDateTime":"2023-07-27T02:19:19.416-04:00","subPathAttach4":"\/opt\/share\/mayotte_collaborative.stk","subDateTime":"2023-07-27T02:19:19.415-04:00","subPathAttach5":"\/opt\/share\/mayotte_collaborative.stk","gradedBy":"U7900","grade":"-1"}
[INFO ] 2023-07-27 02:19:19,568 java.validate_request_should_be_successfull_with_status_code_for_grade_submission() - Poststatuscode : 400
