[INFO ] 2023-07-26 22:48:46,191 java.user_sends_request_for_program_module_with_valid_request_body() - Request set for Program module with valid base URL and valid data
[INFO ] 2023-07-26 22:48:46,207 java.createPostRequest() - POSTTestCase Name= Program
[INFO ] 2023-07-26 22:48:46,207 java.createPostRequest() - POSTTestCase Name= ProgramModuleData
[INFO ] 2023-07-26 22:48:46,208 java.excelValue() - ArrayList excelValuemethod
[INFO ] 2023-07-26 22:48:48,341 java.user_sends_post_request_data_from_and() - Post Request sent with valid request body
[INFO ] 2023-07-26 22:48:48,344 java.user_sucessfully_receives_status_code_with_reponse_body() - Post Request unsuccessful with status code 201
[INFO ] 2023-07-26 22:48:48,476 java.user_sends_request_for_program_module_with_valid_request_body() - Request set for Program module with valid base URL and valid data
[INFO ] 2023-07-26 22:48:48,483 java.createPostRequest() - POSTTestCase Name= Program
[INFO ] 2023-07-26 22:48:48,484 java.createPostRequest() - POSTTestCase Name= ProgramModuleNameData
[INFO ] 2023-07-26 22:48:48,484 java.excelValue() - ArrayList excelValuemethod
[INFO ] 2023-07-26 22:48:49,043 java.user_sends_post_request_data_from_and() - Post Request sent with valid request body
[INFO ] 2023-07-26 22:48:49,046 java.user_sucessfully_receives_status_code_with_reponse_body() - Post Request unsuccessful with status code 201
[INFO ] 2023-07-26 22:48:49,127 java.user_create_post_request_with_valid_endpoint() - Request set for Program module with valid base URL and existing data
[INFO ] 2023-07-26 22:48:49,129 java.createPostRequest() - POSTTestCase Name= Program
[INFO ] 2023-07-26 22:48:49,129 java.createPostRequest() - POSTTestCase Name= ProgramModulesameData
[INFO ] 2023-07-26 22:48:49,130 java.excelValue() - ArrayList excelValuemethod
[INFO ] 2023-07-26 22:48:49,526 java.user_send_the_existing_data_for_post_request_from_and() - Post Request sent with existing request body
[INFO ] 2023-07-26 22:48:49,576 java.user_should_receives_status_code_bad_request() - Post Request should recive 400 bad request
[INFO ] 2023-07-26 22:48:49,713 java.user_create_post_request_with_valid_lms_endpoint() - Request set for Program module with valid base URL and missing data
[INFO ] 2023-07-26 22:48:49,722 java.createPostRequest() - POSTTestCase Name= Program
[INFO ] 2023-07-26 22:48:49,724 java.createPostRequest() - POSTTestCase Name= ProgramModulemissingData
[INFO ] 2023-07-26 22:48:49,727 java.excelValue() - ArrayList excelValuemethod
[INFO ] 2023-07-26 22:48:50,138 java.user_send_the_missing_data_for_post_request_from_and() - Post Request sent with missing values to request body
[INFO ] 2023-07-26 22:48:50,140 java.user_should_receives_status_code_internal_server_error() - Post Request should recive 500 Internal server error
[INFO ] 2023-07-26 22:48:50,209 java.batch_module_base_url_is_set_with_valid_post_batch() - http://lms-api-hackathon-june2023-930a8b0f895d.herokuapp.com/lms/batches
[INFO ] 2023-07-26 22:48:50,211 java.batch_module_base_url_is_set_with_valid_post_batch() - http://lms-api-hackathon-june2023-930a8b0f895d.herokuapp.com/lms/batches
[INFO ] 2023-07-26 22:48:50,214 java.excelDataValue() - String excelDataValue method
[INFO ] 2023-07-26 22:48:50,413 java.excelDataValue() - String excelDataValue method
[INFO ] 2023-07-26 22:48:50,548 java.excelDataValue() - String excelDataValue method
[INFO ] 2023-07-26 22:48:50,696 java.excelDataValue() - String excelDataValue method
[INFO ] 2023-07-26 22:48:50,828 java.excelDataValue() - String excelDataValue method
[INFO ] 2023-07-26 22:48:50,972 java.SendHttpPostRequest() - {"batchName":"Jul23-BugBustersTeam07-SDET-SDET01-001387","batchNoOfClasses":"7","batchDescription":"RestAssuredHackathon","batchStatus":"Active","programId":"10689"}
[INFO ] 2023-07-26 22:48:52,350 java.verify_status_code_and_response_body() - 9228
[INFO ] 2023-07-26 22:48:52,378 java.create_new_batch_get_batch_details() - http://lms-api-hackathon-june2023-930a8b0f895d.herokuapp.com/lms/batches
[INFO ] 2023-07-26 22:48:52,380 java.excelDataValue() - String excelDataValue method
[INFO ] 2023-07-26 22:48:52,551 java.excelDataValue() - String excelDataValue method
[INFO ] 2023-07-26 22:48:52,695 java.excelDataValue() - String excelDataValue method
[INFO ] 2023-07-26 22:48:52,837 java.excelDataValue() - String excelDataValue method
[INFO ] 2023-07-26 22:48:52,981 java.excelDataValue() - String excelDataValue method
[INFO ] 2023-07-26 22:48:53,116 java.create_new_batch_get_batch_details() - {"batchName":"Jul23-BugBustersTeam07-SDET-SDET01-00197","batchNoOfClasses":"7","batchDescription":"RestAssuredHackathon","batchStatus":"Active","programId":"ProgramID"}
[INFO ] 2023-07-26 22:48:53,436 java.batch_module_base_url_is_set_with_valid_post_batch() - http://lms-api-hackathon-june2023-930a8b0f895d.herokuapp.com/lms/batches
[INFO ] 2023-07-26 22:48:53,445 java.batch_module_base_url_is_set_with_valid_post_batch() - http://lms-api-hackathon-june2023-930a8b0f895d.herokuapp.com/lms/batches
[INFO ] 2023-07-26 22:48:53,448 java.excelDataValue() - String excelDataValue method
[INFO ] 2023-07-26 22:48:53,597 java.excelDataValue() - String excelDataValue method
[INFO ] 2023-07-26 22:48:53,687 java.excelDataValue() - String excelDataValue method
[INFO ] 2023-07-26 22:48:53,799 java.excelDataValue() - String excelDataValue method
[INFO ] 2023-07-26 22:48:53,883 java.SendHttpPostRequest() - {"batchName":"","batchNoOfClasses":"7","batchDescription":"RestAssuredHackathon","batchStatus":"Active","programId":"10689"}
